<?xml version="1.0" encoding="UTF-8"?>
<!-- Generated by org.testng.reporters.JUnitReportReporter -->
<testsuite skipped="0" hostname="Ankush" name="com.vtiger.testScripts.CreateNewLeadTest" tests="1" failures="0" timestamp="13 Nov 2020 09:53:10 GMT" time="14.484" errors="0">
  <testcase name="createLead" time="14.484" classname="com.vtiger.testScripts.CreateNewLeadTest"/>
</testsuite> <!-- com.vtiger.testScripts.CreateNewLeadTest -->
