<?xml version="1.0" encoding="UTF-8"?>
<!-- Generated by org.testng.reporters.JUnitReportReporter -->
<testsuite skipped="0" hostname="Ankush" name="com.vtiger.testScripts.CreateNewContactTest" tests="1" failures="0" timestamp="13 Nov 2020 09:53:10 GMT" time="18.612" errors="0">
  <testcase name="createContact" time="18.612" classname="com.vtiger.testScripts.CreateNewContactTest"/>
</testsuite> <!-- com.vtiger.testScripts.CreateNewContactTest -->
