<?xml version="1.0" encoding="UTF-8"?>
<!-- Generated by org.testng.reporters.JUnitReportReporter -->
<testsuite skipped="0" hostname="Ankush" name="com.vtiger.testScripts.CreateNewContactTest" tests="1" failures="0" timestamp="13 Dec 2020 14:35:20 GMT" time="34.465" errors="0">
  <testcase name="createContact" time="34.465" classname="com.vtiger.testScripts.CreateNewContactTest"/>
</testsuite> <!-- com.vtiger.testScripts.CreateNewContactTest -->
