<?xml version="1.0" encoding="UTF-8"?>
<!-- Generated by org.testng.reporters.JUnitReportReporter -->
<testsuite skipped="0" hostname="Ankush" name="com.vtiger.testScripts.CreateNewProductTest" tests="1" failures="0" timestamp="13 Nov 2020 09:53:10 GMT" time="12.761" errors="0">
  <testcase name="createProduct" time="12.761" classname="com.vtiger.testScripts.CreateNewProductTest"/>
</testsuite> <!-- com.vtiger.testScripts.CreateNewProductTest -->
